10/11/2024 16:51:14 INICIANDO...			 		  
10/11/2024 16:51:14 2.13.0.1				    
10/11/2024 16:51:14 Usuário: liink(Administrador)  		 	  
10/11/2024 16:51:14 Versão do Sistema Operacional: 6.2.9200		  				
10/11/2024 16:51:14 64 Bits: true	  	  	 
10/11/2024 16:51:14   ( 0.7 )  		   	
10/11/2024 16:51:14 UAC: Ativado							 
10/11/2024 16:51:14 Verificando se Mozilla Firefox está instalado...      		
10/11/2024 16:51:14 Mozilla Firefox não instalado.
10/11/2024 16:51:14 [1: Ajustando ambiente] Verificando...
10/11/2024 16:51:14 [1: Ajustando ambiente] Corrigindo TLS.
10/11/2024 16:51:14 [1: Ajustando ambiente] Ok.
10/11/2024 16:51:14 [2: Ajustes iniciais] Verificando...
10/11/2024 16:51:14 [2: Ajustes iniciais] Ok.
10/11/2024 16:51:14 [3: Instalação dos certificados raíz] Verificando...
10/11/2024 16:51:14 [3: Instalação dos certificados raíz] Efetuando download do instalador...
10/11/2024 16:51:16 [3: Instalação dos certificados raíz] Instalando...
10/11/2024 16:51:16 [3: Instalação dos certificados raíz] Ok.
10/11/2024 16:51:16 [5: Ajustes adicionais] Verificando...
10/11/2024 16:51:16 [5: Ajustes adicionais] Limpando...
10/11/2024 16:51:16 [5: Ajustes adicionais] Ok.
10/11/2024 16:51:16 [7: Instalando módulo de segurança] Verificando...
10/11/2024 16:51:16 [7: Instalando módulo de segurança] Efetuando download do instalador...
10/11/2024 16:51:23 [7: Instalando módulo de segurança] Instalando...
10/11/2024 16:51:40 [7: Instalando módulo de segurança] Ok.
10/11/2024 16:51:40 [9: Finalizando a instalação] Verificando...
10/11/2024 16:51:40 [9: Finalizando a instalação] Ok.
10/11/2024 16:51:40 [10: Validando a instalação] Verificando...
10/11/2024 16:52:02 [10: Validando a instalação] Instalando...
10/11/2024 16:52:08 [10: Validando a instalação] Ok.
10/11/2024 16:52:08 [12: Ajustando ambiente] Verificando...
10/11/2024 16:52:08 [12: Ajustando ambiente] Ok.
10/11/2024 16:52:08 [13: Ajustando ambiente] Verificando...
10/11/2024 16:52:08 [13: Ajustando ambiente] Ok.
10/11/2024 16:52:08 [14: Concluindo ajustes] Verificando...
10/11/2024 16:52:13 [14: Concluindo ajustes] CONCLUÍDO.
10/11/2024 16:52:13 CONCLUÍDO.
